# JRE version: Java(TM) SE Runtime Environment (8.0_211-b12) (build 1.8.0_211-b12)
# Java VM: Java HotSpot(TM) 64-Bit Server VM (25.211-b12 mixed mode windows-amd64 compressed oops)
Heap:
 PSYoungGen      total 75776K, used 2128K [0x0000000780000000, 0x0000000785480000, 0x00000007c0000000)
  eden space 65024K, 3% used [0x0000000780000000,0x0000000780214198,0x0000000783f80000)
  from space 10752K, 0% used [0x0000000783f80000,0x0000000783f80000,0x0000000784a00000)
  to   space 10752K, 0% used [0x0000000784a00000,0x0000000784a00000,0x0000000785480000)
 ParOldGen       total 179712K, used 4999K [0x0000000700000000, 0x000000070af80000, 0x0000000780000000)
  object space 179712K, 2% used [0x0000000700000000,0x00000007004e1e08,0x000000070af80000)
 Metaspace       used 15366K, capacity 15646K, committed 16000K, reserved 1069056K
  class space    used 1949K, capacity 2030K, committed 2176K, reserved 1048576K
GC Heap History (10 events):
Event: 3.199 GC heap before
{Heap before GC invocations=16 (full 13):
 PSYoungGen      total 75776K, used 65024K [0x0000000780000000, 0x0000000785480000, 0x00000007c0000000)
  eden space 65024K, 100% used [0x0000000780000000,0x0000000783f80000,0x0000000783f80000)
  from space 10752K, 0% used [0x0000000783f80000,0x0000000783f80000,0x0000000784a00000)
  to   space 10752K, 0% used [0x0000000784a00000,0x0000000784a00000,0x0000000785480000)
 ParOldGen       total 179712K, used 179524K [0x0000000700000000, 0x000000070af80000, 0x0000000780000000)
  object space 179712K, 99% used [0x0000000700000000,0x000000070af510c0,0x000000070af80000)
 Metaspace       used 13372K, capacity 13656K, committed 13952K, reserved 1060864K
  class space    used 1695K, capacity 1807K, committed 1920K, reserved 1048576K
Event: 3.217 GC heap after
Heap after GC invocations=16 (full 13):
 PSYoungGen      total 75776K, used 0K [0x0000000780000000, 0x0000000785480000, 0x00000007c0000000)
  eden space 65024K, 0% used [0x0000000780000000,0x0000000780000000,0x0000000783f80000)
  from space 10752K, 0% used [0x0000000783f80000,0x0000000783f80000,0x0000000784a00000)
  to   space 10752K, 0% used [0x0000000784a00000,0x0000000784a00000,0x0000000785480000)
 ParOldGen       total 179712K, used 4252K [0x0000000700000000, 0x000000070af80000, 0x0000000780000000)
  object space 179712K, 2% used [0x0000000700000000,0x0000000700427238,0x000000070af80000)
 Metaspace       used 13372K, capacity 13656K, committed 13952K, reserved 1060864K
  class space    used 1695K, capacity 1807K, committed 1920K, reserved 1048576K
}
Event: 3.278 GC heap before
{Heap before GC invocations=17 (full 13):
 PSYoungGen      total 75776K, used 7869K [0x0000000780000000, 0x0000000785480000, 0x00000007c0000000)
  eden space 65024K, 12% used [0x0000000780000000,0x00000007807af4b0,0x0000000783f80000)
  from space 10752K, 0% used [0x0000000783f80000,0x0000000783f80000,0x0000000784a00000)
  to   space 10752K, 0% used [0x0000000784a00000,0x0000000784a00000,0x0000000785480000)
 ParOldGen       total 179712K, used 4252K [0x0000000700000000, 0x000000070af80000, 0x0000000780000000)
  object space 179712K, 2% used [0x0000000700000000,0x0000000700427238,0x000000070af80000)
 Metaspace       used 14338K, capacity 14556K, committed 14848K, reserved 1067008K
  class space    used 1817K, capacity 1913K, committed 2048K, reserved 1048576K
Event: 3.280 GC heap after
Heap after GC invocations=17 (full 13):
 PSYoungGen      total 75776K, used 1064K [0x0000000780000000, 0x0000000785480000, 0x00000007c0000000)
  eden space 65024K, 0% used [0x0000000780000000,0x0000000780000000,0x0000000783f80000)
  from space 10752K, 9% used [0x0000000784a00000,0x0000000784b0a2d8,0x0000000785480000)
  to   space 10752K, 0% used [0x0000000783f80000,0x0000000783f80000,0x0000000784a00000)
 ParOldGen       total 179712K, used 4260K [0x0000000700000000, 0x000000070af80000, 0x0000000780000000)
  object space 179712K, 2% used [0x0000000700000000,0x0000000700429238,0x000000070af80000)
 Metaspace       used 14338K, capacity 14556K, committed 14848K, reserved 1067008K
  class space    used 1817K, capacity 1913K, committed 2048K, reserved 1048576K
}
Event: 3.280 GC heap before
{Heap before GC invocations=18 (full 14):
 PSYoungGen      total 75776K, used 1064K [0x0000000780000000, 0x0000000785480000, 0x00000007c0000000)
  eden space 65024K, 0% used [0x0000000780000000,0x0000000780000000,0x0000000783f80000)
  from space 10752K, 9% used [0x0000000784a00000,0x0000000784b0a2d8,0x0000000785480000)
  to   space 10752K, 0% used [0x0000000783f80000,0x0000000783f80000,0x0000000784a00000)
 ParOldGen       total 179712K, used 4260K [0x0000000700000000, 0x000000070af80000, 0x0000000780000000)
  object space 179712K, 2% used [0x0000000700000000,0x0000000700429238,0x000000070af80000)
 Metaspace       used 14338K, capacity 14556K, committed 14848K, reserved 1067008K
  class space    used 1817K, capacity 1913K, committed 2048K, reserved 1048576K
Event: 3.297 GC heap after
Heap after GC invocations=18 (full 14):
 PSYoungGen      total 75776K, used 0K [0x0000000780000000, 0x0000000785480000, 0x00000007c0000000)
  eden space 65024K, 0% used [0x0000000780000000,0x0000000780000000,0x0000000783f80000)
  from space 10752K, 0% used [0x0000000784a00000,0x0000000784a00000,0x0000000785480000)
  to   space 10752K, 0% used [0x0000000783f80000,0x0000000783f80000,0x0000000784a00000)
 ParOldGen       total 179712K, used 5067K [0x0000000700000000, 0x000000070af80000, 0x0000000780000000)
  object space 179712K, 2% used [0x0000000700000000,0x00000007004f2e40,0x000000070af80000)
 Metaspace       used 14338K, capacity 14556K, committed 14848K, reserved 1064960K
  class space    used 1817K, capacity 1913K, committed 2048K, reserved 1048576K
}
Event: 3.297 GC heap before
{Heap before GC invocations=19 (full 14):
 PSYoungGen      total 75776K, used 0K [0x0000000780000000, 0x0000000785480000, 0x00000007c0000000)
  eden space 65024K, 0% used [0x0000000780000000,0x0000000780000000,0x0000000783f80000)
  from space 10752K, 0% used [0x0000000784a00000,0x0000000784a00000,0x0000000785480000)
  to   space 10752K, 0% used [0x0000000783f80000,0x0000000783f80000,0x0000000784a00000)
 ParOldGen       total 179712K, used 5067K [0x0000000700000000, 0x000000070af80000, 0x0000000780000000)
  object space 179712K, 2% used [0x0000000700000000,0x00000007004f2e40,0x000000070af80000)
 Metaspace       used 14338K, capacity 14556K, committed 14848K, reserved 1069056K
  class space    used 1817K, capacity 1913K, committed 2048K, reserved 1048576K
Event: 3.298 GC heap after
Heap after GC invocations=19 (full 14):
 PSYoungGen      total 75776K, used 0K [0x0000000780000000, 0x0000000785480000, 0x00000007c0000000)
  eden space 65024K, 0% used [0x0000000780000000,0x0000000780000000,0x0000000783f80000)
  from space 10752K, 0% used [0x0000000783f80000,0x0000000783f80000,0x0000000784a00000)
  to   space 10752K, 0% used [0x0000000784a00000,0x0000000784a00000,0x0000000785480000)
 ParOldGen       total 179712K, used 5067K [0x0000000700000000, 0x000000070af80000, 0x0000000780000000)
  object space 179712K, 2% used [0x0000000700000000,0x00000007004f2e40,0x000000070af80000)
 Metaspace       used 14338K, capacity 14556K, committed 14848K, reserved 1069056K
  class space    used 1817K, capacity 1913K, committed 2048K, reserved 1048576K
}
Event: 3.298 GC heap before
{Heap before GC invocations=20 (full 15):
 PSYoungGen      total 75776K, used 0K [0x0000000780000000, 0x0000000785480000, 0x00000007c0000000)
  eden space 65024K, 0% used [0x0000000780000000,0x0000000780000000,0x0000000783f80000)
  from space 10752K, 0% used [0x0000000783f80000,0x0000000783f80000,0x0000000784a00000)
  to   space 10752K, 0% used [0x0000000784a00000,0x0000000784a00000,0x0000000785480000)
 ParOldGen       total 179712K, used 5067K [0x0000000700000000, 0x000000070af80000, 0x0000000780000000)
  object space 179712K, 2% used [0x0000000700000000,0x00000007004f2e40,0x000000070af80000)
 Metaspace       used 14338K, capacity 14556K, committed 14848K, reserved 1069056K
  class space    used 1817K, capacity 1913K, committed 2048K, reserved 1048576K
Event: 3.344 GC heap after
Heap after GC invocations=20 (full 15):
 PSYoungGen      total 75776K, used 0K [0x0000000780000000, 0x0000000785480000, 0x00000007c0000000)
  eden space 65024K, 0% used [0x0000000780000000,0x0000000780000000,0x0000000783f80000)
  from space 10752K, 0% used [0x0000000783f80000,0x0000000783f80000,0x0000000784a00000)
  to   space 10752K, 0% used [0x0000000784a00000,0x0000000784a00000,0x0000000785480000)
 ParOldGen       total 179712K, used 4999K [0x0000000700000000, 0x000000070af80000, 0x0000000780000000)
  object space 179712K, 2% used [0x0000000700000000,0x00000007004e1e08,0x000000070af80000)
 Metaspace       used 14300K, capacity 14494K, committed 14848K, reserved 1064960K
  class space    used 1811K, capacity 1902K, committed 2048K, reserved 1048576K
}

